<?xml version="1.0" encoding="UTF-8"?>
<testsuite name="com.choi.example.springboot.web.dto.HelloResponseDtoTest" tests="1" skipped="0" failures="0" errors="0" timestamp="2021-03-22T06:32:53" hostname="DESKTOP-KSLAG90" time="0.033">
  <properties/>
  <testcase name="롬복_기능_테스트" classname="com.choi.example.springboot.web.dto.HelloResponseDtoTest" time="0.033"/>
  <system-out><![CDATA[]]></system-out>
  <system-err><![CDATA[]]></system-err>
</testsuite>
